{
  "0 debug pnpm:scope": {
    "selected": 1,
    "workspacePrefix": "/Users/ari/Desktop/supatyper"
  },
  "1 error pnpm": {
    "code": "ELIFECYCLE",
    "errno": "ENOENT",
    "syscall": "spawn",
    "file": "sh",
    "pkgid": "supatyper@0.1.0",
    "stage": "dev",
    "script": "next dev",
    "pkgname": "supatyper",
    "err": {
      "name": "pnpm",
      "message": "supatyper@0.1.0 dev: `next dev`\nspawn ENOENT",
      "code": "ELIFECYCLE",
      "stack": "pnpm: supatyper@0.1.0 dev: `next dev`\nspawn ENOENT\n    at ChildProcess.<anonymous> (/Users/ari/.cache/node/corepack/v1/pnpm/7.0.0/dist/pnpm.cjs:93294:22)\n    at ChildProcess.emit (node:events:513:28)\n    at maybeClose (node:internal/child_process:1101:16)\n    at ChildProcess._handle.onexit (node:internal/child_process:305:5)"
    }
  },
  "2 warn pnpm:global": " Local package.json exists, but node_modules missing, did you mean to install?"
}